Flow report for PBL-SD-1
Thu Sep 13 20:20:26 2018
Quartus II 64-Bit Version 13.1.0 Build 162 10/23/2013 SJ Web Edition


---------------------
; Table of Contents ;
---------------------
  1. Legal Notice
  2. Flow Summary
  3. Flow Settings
  4. Flow Non-Default Global Settings
  5. Flow Elapsed Time
  6. Flow OS Summary
  7. Flow Log
  8. Flow Messages
  9. Flow Suppressed Messages



----------------
; Legal Notice ;
----------------
Copyright (C) 1991-2013 Altera Corporation
Your use of Altera Corporation's design tools, logic functions 
and other software and tools, and its AMPP partner logic 
functions, and any output files from any of the foregoing 
(including device programming or simulation files), and any 
associated documentation or information are expressly subject 
to the terms and conditions of the Altera Program License 
Subscription Agreement, Altera MegaCore Function License 
Agreement, or other applicable license agreement, including, 
without limitation, that your use is for the sole purpose of 
programming logic devices manufactured by Altera and sold by 
Altera or its authorized distributors.  Please refer to the 
applicable agreement for further details.



+-------------------------------------------------------------------------------------------+
; Flow Summary                                                                              ;
+------------------------------------+------------------------------------------------------+
; Flow Status                        ; EDA Netlist Writer Failed - Thu Sep 13 20:20:26 2018 ;
; Quartus II 64-Bit Version          ; 13.1.0 Build 162 10/23/2013 SJ Web Edition           ;
; Revision Name                      ; PBL-SD-1                                             ;
; Top-level Entity Name              ; TOP                                                  ;
; Family                             ; Cyclone IV E                                         ;
; Device                             ; EP4CE6E22C8                                          ;
; Timing Models                      ; Final                                                ;
; Total logic elements               ; 3,224 / 6,272 ( 51 % )                               ;
;     Total combinational functions  ; 2,894 / 6,272 ( 46 % )                               ;
;     Dedicated logic registers      ; 1,950 / 6,272 ( 31 % )                               ;
; Total registers                    ; 1950                                                 ;
; Total pins                         ; 6 / 92 ( 7 % )                                       ;
; Total virtual pins                 ; 0                                                    ;
; Total memory bits                  ; 96,320 / 276,480 ( 35 % )                            ;
; Embedded Multiplier 9-bit elements ; 4 / 30 ( 13 % )                                      ;
; Total PLLs                         ; 0 / 2 ( 0 % )                                        ;
+------------------------------------+------------------------------------------------------+


+-----------------------------------------+
; Flow Settings                           ;
+-------------------+---------------------+
; Option            ; Setting             ;
+-------------------+---------------------+
; Start date & time ; 09/13/2018 20:18:48 ;
; Main task         ; Compilation         ;
; Revision Name     ; PBL-SD-1            ;
+-------------------+---------------------+


+---------------------------------------------------------------------------------------------------------------------------------------------------------------------------+
; Flow Non-Default Global Settings                                                                                                                                          ;
+-------------------------------------+--------------------------------------------------------+---------------+-------------------------------------------+----------------+
; Assignment Name                     ; Value                                                  ; Default Value ; Entity Name                               ; Section Id     ;
+-------------------------------------+--------------------------------------------------------+---------------+-------------------------------------------+----------------+
; COMPILER_SIGNATURE_ID               ; 229335795667846.153688072807204                        ; --            ; --                                        ; --             ;
; EDA_OUTPUT_DATA_FORMAT              ; Vhdl                                                   ; --            ; --                                        ; eda_simulation ;
; EDA_SIMULATION_TOOL                 ; ModelSim-Altera (VHDL)                                 ; <None>        ; --                                        ; --             ;
; IP_TOOL_ENV                         ; Qsys                                                   ; --            ; Nios                                      ; --             ;
; IP_TOOL_ENV                         ; Qsys                                                   ; --            ; Nios_Jtag                                 ; --             ;
; IP_TOOL_ENV                         ; Qsys                                                   ; --            ; Nios_Nios                                 ; --             ;
; IP_TOOL_ENV                         ; Qsys                                                   ; --            ; Nios_irq_mapper                           ; --             ;
; IP_TOOL_ENV                         ; Qsys                                                   ; --            ; Nios_led                                  ; --             ;
; IP_TOOL_ENV                         ; Qsys                                                   ; --            ; Nios_memory                               ; --             ;
; IP_TOOL_ENV                         ; Qsys                                                   ; --            ; Nios_mm_interconnect_0                    ; --             ;
; IP_TOOL_ENV                         ; Qsys                                                   ; --            ; Nios_mm_interconnect_0_addr_router        ; --             ;
; IP_TOOL_ENV                         ; Qsys                                                   ; --            ; Nios_mm_interconnect_0_addr_router_001    ; --             ;
; IP_TOOL_ENV                         ; Qsys                                                   ; --            ; Nios_mm_interconnect_0_cmd_xbar_demux     ; --             ;
; IP_TOOL_ENV                         ; Qsys                                                   ; --            ; Nios_mm_interconnect_0_cmd_xbar_demux_001 ; --             ;
; IP_TOOL_ENV                         ; Qsys                                                   ; --            ; Nios_mm_interconnect_0_cmd_xbar_mux       ; --             ;
; IP_TOOL_ENV                         ; Qsys                                                   ; --            ; Nios_mm_interconnect_0_cmd_xbar_mux_002   ; --             ;
; IP_TOOL_ENV                         ; Qsys                                                   ; --            ; Nios_mm_interconnect_0_id_router          ; --             ;
; IP_TOOL_ENV                         ; Qsys                                                   ; --            ; Nios_mm_interconnect_0_id_router_002      ; --             ;
; IP_TOOL_ENV                         ; Qsys                                                   ; --            ; Nios_mm_interconnect_0_rsp_xbar_demux     ; --             ;
; IP_TOOL_ENV                         ; Qsys                                                   ; --            ; Nios_mm_interconnect_0_rsp_xbar_demux_002 ; --             ;
; IP_TOOL_ENV                         ; Qsys                                                   ; --            ; Nios_mm_interconnect_0_rsp_xbar_mux       ; --             ;
; IP_TOOL_ENV                         ; Qsys                                                   ; --            ; Nios_mm_interconnect_0_rsp_xbar_mux_001   ; --             ;
; IP_TOOL_ENV                         ; Qsys                                                   ; --            ; Nios_pushbuton                            ; --             ;
; IP_TOOL_ENV                         ; Qsys                                                   ; --            ; altera_avalon_sc_fifo                     ; --             ;
; IP_TOOL_ENV                         ; Qsys                                                   ; --            ; altera_merlin_master_agent                ; --             ;
; IP_TOOL_ENV                         ; Qsys                                                   ; --            ; altera_merlin_master_translator           ; --             ;
; IP_TOOL_ENV                         ; Qsys                                                   ; --            ; altera_merlin_slave_agent                 ; --             ;
; IP_TOOL_ENV                         ; Qsys                                                   ; --            ; altera_merlin_slave_translator            ; --             ;
; IP_TOOL_ENV                         ; Qsys                                                   ; --            ; altera_merlin_traffic_limiter             ; --             ;
; IP_TOOL_ENV                         ; Qsys                                                   ; --            ; altera_reset_controller                   ; --             ;
; IP_TOOL_NAME                        ; Qsys                                                   ; --            ; Nios                                      ; --             ;
; IP_TOOL_NAME                        ; altera_avalon_jtag_uart                                ; --            ; Nios_Jtag                                 ; --             ;
; IP_TOOL_NAME                        ; altera_nios2_qsys                                      ; --            ; Nios_Nios                                 ; --             ;
; IP_TOOL_NAME                        ; altera_irq_mapper                                      ; --            ; Nios_irq_mapper                           ; --             ;
; IP_TOOL_NAME                        ; altera_avalon_pio                                      ; --            ; Nios_led                                  ; --             ;
; IP_TOOL_NAME                        ; altera_avalon_onchip_memory2                           ; --            ; Nios_memory                               ; --             ;
; IP_TOOL_NAME                        ; altera_merlin_interconnect_wrapper                     ; --            ; Nios_mm_interconnect_0                    ; --             ;
; IP_TOOL_NAME                        ; altera_merlin_router                                   ; --            ; Nios_mm_interconnect_0_addr_router        ; --             ;
; IP_TOOL_NAME                        ; altera_merlin_router                                   ; --            ; Nios_mm_interconnect_0_addr_router_001    ; --             ;
; IP_TOOL_NAME                        ; altera_merlin_demultiplexer                            ; --            ; Nios_mm_interconnect_0_cmd_xbar_demux     ; --             ;
; IP_TOOL_NAME                        ; altera_merlin_demultiplexer                            ; --            ; Nios_mm_interconnect_0_cmd_xbar_demux_001 ; --             ;
; IP_TOOL_NAME                        ; altera_merlin_multiplexer                              ; --            ; Nios_mm_interconnect_0_cmd_xbar_mux       ; --             ;
; IP_TOOL_NAME                        ; altera_merlin_multiplexer                              ; --            ; Nios_mm_interconnect_0_cmd_xbar_mux_002   ; --             ;
; IP_TOOL_NAME                        ; altera_merlin_router                                   ; --            ; Nios_mm_interconnect_0_id_router          ; --             ;
; IP_TOOL_NAME                        ; altera_merlin_router                                   ; --            ; Nios_mm_interconnect_0_id_router_002      ; --             ;
; IP_TOOL_NAME                        ; altera_merlin_demultiplexer                            ; --            ; Nios_mm_interconnect_0_rsp_xbar_demux     ; --             ;
; IP_TOOL_NAME                        ; altera_merlin_demultiplexer                            ; --            ; Nios_mm_interconnect_0_rsp_xbar_demux_002 ; --             ;
; IP_TOOL_NAME                        ; altera_merlin_multiplexer                              ; --            ; Nios_mm_interconnect_0_rsp_xbar_mux       ; --             ;
; IP_TOOL_NAME                        ; altera_merlin_multiplexer                              ; --            ; Nios_mm_interconnect_0_rsp_xbar_mux_001   ; --             ;
; IP_TOOL_NAME                        ; altera_avalon_pio                                      ; --            ; Nios_pushbuton                            ; --             ;
; IP_TOOL_NAME                        ; altera_avalon_sc_fifo                                  ; --            ; altera_avalon_sc_fifo                     ; --             ;
; IP_TOOL_NAME                        ; altera_merlin_master_agent                             ; --            ; altera_merlin_master_agent                ; --             ;
; IP_TOOL_NAME                        ; altera_merlin_master_translator                        ; --            ; altera_merlin_master_translator           ; --             ;
; IP_TOOL_NAME                        ; altera_merlin_slave_agent                              ; --            ; altera_merlin_slave_agent                 ; --             ;
; IP_TOOL_NAME                        ; altera_merlin_slave_translator                         ; --            ; altera_merlin_slave_translator            ; --             ;
; IP_TOOL_NAME                        ; altera_merlin_traffic_limiter                          ; --            ; altera_merlin_traffic_limiter             ; --             ;
; IP_TOOL_NAME                        ; altera_reset_controller                                ; --            ; altera_reset_controller                   ; --             ;
; IP_TOOL_VERSION                     ; 13.1                                                   ; --            ; Nios                                      ; --             ;
; IP_TOOL_VERSION                     ; 13.1                                                   ; --            ; Nios_Jtag                                 ; --             ;
; IP_TOOL_VERSION                     ; 13.1                                                   ; --            ; Nios_Nios                                 ; --             ;
; IP_TOOL_VERSION                     ; 13.1                                                   ; --            ; Nios_irq_mapper                           ; --             ;
; IP_TOOL_VERSION                     ; 13.1                                                   ; --            ; Nios_led                                  ; --             ;
; IP_TOOL_VERSION                     ; 13.1                                                   ; --            ; Nios_memory                               ; --             ;
; IP_TOOL_VERSION                     ; 13.1                                                   ; --            ; Nios_mm_interconnect_0                    ; --             ;
; IP_TOOL_VERSION                     ; 13.1                                                   ; --            ; Nios_mm_interconnect_0_addr_router        ; --             ;
; IP_TOOL_VERSION                     ; 13.1                                                   ; --            ; Nios_mm_interconnect_0_addr_router_001    ; --             ;
; IP_TOOL_VERSION                     ; 13.1                                                   ; --            ; Nios_mm_interconnect_0_cmd_xbar_demux     ; --             ;
; IP_TOOL_VERSION                     ; 13.1                                                   ; --            ; Nios_mm_interconnect_0_cmd_xbar_demux_001 ; --             ;
; IP_TOOL_VERSION                     ; 13.1                                                   ; --            ; Nios_mm_interconnect_0_cmd_xbar_mux       ; --             ;
; IP_TOOL_VERSION                     ; 13.1                                                   ; --            ; Nios_mm_interconnect_0_cmd_xbar_mux_002   ; --             ;
; IP_TOOL_VERSION                     ; 13.1                                                   ; --            ; Nios_mm_interconnect_0_id_router          ; --             ;
; IP_TOOL_VERSION                     ; 13.1                                                   ; --            ; Nios_mm_interconnect_0_id_router_002      ; --             ;
; IP_TOOL_VERSION                     ; 13.1                                                   ; --            ; Nios_mm_interconnect_0_rsp_xbar_demux     ; --             ;
; IP_TOOL_VERSION                     ; 13.1                                                   ; --            ; Nios_mm_interconnect_0_rsp_xbar_demux_002 ; --             ;
; IP_TOOL_VERSION                     ; 13.1                                                   ; --            ; Nios_mm_interconnect_0_rsp_xbar_mux       ; --             ;
; IP_TOOL_VERSION                     ; 13.1                                                   ; --            ; Nios_mm_interconnect_0_rsp_xbar_mux_001   ; --             ;
; IP_TOOL_VERSION                     ; 13.1                                                   ; --            ; Nios_pushbuton                            ; --             ;
; IP_TOOL_VERSION                     ; 13.1                                                   ; --            ; altera_avalon_sc_fifo                     ; --             ;
; IP_TOOL_VERSION                     ; 13.1                                                   ; --            ; altera_merlin_master_agent                ; --             ;
; IP_TOOL_VERSION                     ; 13.1                                                   ; --            ; altera_merlin_master_translator           ; --             ;
; IP_TOOL_VERSION                     ; 13.1                                                   ; --            ; altera_merlin_slave_agent                 ; --             ;
; IP_TOOL_VERSION                     ; 13.1                                                   ; --            ; altera_merlin_slave_translator            ; --             ;
; IP_TOOL_VERSION                     ; 13.1                                                   ; --            ; altera_merlin_traffic_limiter             ; --             ;
; IP_TOOL_VERSION                     ; 13.1                                                   ; --            ; altera_reset_controller                   ; --             ;
; MAX_CORE_JUNCTION_TEMP              ; 85                                                     ; --            ; --                                        ; --             ;
; MIN_CORE_JUNCTION_TEMP              ; 0                                                      ; --            ; --                                        ; --             ;
; MISC_FILE                           ; Nios/synthesis/../../Nios.cmp                          ; --            ; --                                        ; --             ;
; MISC_FILE                           ; Nios/synthesis/../../Nios.qsys                         ; --            ; --                                        ; --             ;
; PARTITION_COLOR                     ; 16764057                                               ; --            ; TOP                                       ; Top            ;
; PARTITION_FITTER_PRESERVATION_LEVEL ; PLACEMENT_AND_ROUTING                                  ; --            ; TOP                                       ; Top            ;
; PARTITION_NETLIST_TYPE              ; SOURCE                                                 ; --            ; TOP                                       ; Top            ;
; PROJECT_OUTPUT_DIRECTORY            ; output_files                                           ; --            ; --                                        ; --             ;
; SLD_FILE                            ; Nios/synthesis/Nios.regmap                             ; --            ; --                                        ; --             ;
; SLD_FILE                            ; Nios/synthesis/Nios.debuginfo                          ; --            ; --                                        ; --             ;
; SLD_INFO                            ; QSYS_NAME Nios HAS_SOPCINFO 1 GENERATION_ID 1536880674 ; --            ; Nios                                      ; --             ;
; SOPCINFO_FILE                       ; Nios/synthesis/../../Nios.sopcinfo                     ; --            ; --                                        ; --             ;
; SYNTHESIS_ONLY_QIP                  ; On                                                     ; --            ; --                                        ; --             ;
; TOP_LEVEL_ENTITY                    ; TOP                                                    ; PBL-SD-1      ; --                                        ; --             ;
+-------------------------------------+--------------------------------------------------------+---------------+-------------------------------------------+----------------+


+-------------------------------------------------------------------------------------------------------------------------------+
; Flow Elapsed Time                                                                                                             ;
+---------------------------+--------------+-------------------------+---------------------+------------------------------------+
; Module Name               ; Elapsed Time ; Average Processors Used ; Peak Virtual Memory ; Total CPU Time (on all processors) ;
+---------------------------+--------------+-------------------------+---------------------+------------------------------------+
; Analysis & Synthesis      ; 00:00:34     ; 1.0                     ; 4801 MB             ; 00:00:26                           ;
; Fitter                    ; 00:00:29     ; 1.0                     ; 5072 MB             ; 00:00:25                           ;
; Assembler                 ; 00:00:04     ; 1.0                     ; 4621 MB             ; 00:00:02                           ;
; TimeQuest Timing Analyzer ; 00:00:11     ; 1.0                     ; 4691 MB             ; 00:00:06                           ;
; EDA Netlist Writer        ; 00:00:01     ; 1.0                     ; 4582 MB             ; 00:00:01                           ;
; Total                     ; 00:01:19     ; --                      ; --                  ; 00:01:00                           ;
+---------------------------+--------------+-------------------------+---------------------+------------------------------------+


+----------------------------------------------------------------------------------------+
; Flow OS Summary                                                                        ;
+---------------------------+------------------+-----------+------------+----------------+
; Module Name               ; Machine Hostname ; OS Name   ; OS Version ; Processor type ;
+---------------------------+------------------+-----------+------------+----------------+
; Analysis & Synthesis      ; DESKTOP-7CV30UR  ; Windows 7 ; 6.2        ; x86_64         ;
; Fitter                    ; DESKTOP-7CV30UR  ; Windows 7 ; 6.2        ; x86_64         ;
; Assembler                 ; DESKTOP-7CV30UR  ; Windows 7 ; 6.2        ; x86_64         ;
; TimeQuest Timing Analyzer ; DESKTOP-7CV30UR  ; Windows 7 ; 6.2        ; x86_64         ;
; EDA Netlist Writer        ; DESKTOP-7CV30UR  ; Windows 7 ; 6.2        ; x86_64         ;
+---------------------------+------------------+-----------+------------+----------------+


------------
; Flow Log ;
------------
quartus_map --read_settings_files=on --write_settings_files=off PBL-SD-1 -c PBL-SD-1
quartus_fit --read_settings_files=off --write_settings_files=off PBL-SD-1 -c PBL-SD-1
quartus_asm --read_settings_files=off --write_settings_files=off PBL-SD-1 -c PBL-SD-1
quartus_sta PBL-SD-1 -c PBL-SD-1
quartus_eda --read_settings_files=off --write_settings_files=off PBL-SD-1 -c PBL-SD-1



